92910129202991292119292929921292001992299
10212999929931999912022939399949101139999
11999322229493921219299492029492129299492
93999999999939211911113991019921992199920
29932949949921192911929920119200292193910
11392999999491291101911211939111199111211
92992399493922921011202991293299212119999
93939949932929219299939392039999939929399
39929999399939219129392139393112992102299
94911392022999939119293999999110211119921
99912931292949493119139311399393929939921
99229999922993999939299921994999313999999
93293139219993999393292293949394999992111
99949399229939339299991299399299949311111
99999949993229999299932999399222399939999
93949493949999229399399999932999922399321
11994920393999129931199999492293229999992
02999922932999299991193229999299993139329
29949399999222199931299929399229999299922
93393129312199139999994929394929932039999
99999922939212299221399229999312999293121
93211392293939921293999299999992992199391
99911939121992112999499129999930291012921
99921939292110199994993029221291121101939
93293993199111293399999399392192999912993
99399999129399949999394922999393999229329
94923999229993299931299921994999239393911
29929394992399293392922992399499299991101
03939129921939229991211999939932193992119
19999113920203939992991299929999122949939
11129399992939393293920292119499399393993
92003999493992299299912931129922939112949
99129399949931922192129999993922921019399
99293193399393929392299393931299991119129
92199139999139923939992291399221122921119
92193299922299399923993993993991199492939
29399921129992199999499949992920039993992
13932200194920199994949992392211199939920
99399920299201029939999932999999292229200
29139493922029213939399999932921012992100
01193999939394999393199993291100119493921
10122993294949499399129399111111913999999
93999229129399999992119112119991229992392
99921002001292393212911029939212994922920
93910019101921999929910192299119399929200
