29299999999920291000129129992111939391019929229229229999929999939992992911111991299992920299
92139949212293992112992299499991294931012229999999994999202999993992992129992122999991393993
11992299219299999999221999992392299399299993229399939992001229992292999299499399939222939999
11392193911199499932192399311939931039139339921012219920129929499393992122999949929399939499
99949210211293939999239994920119991292299993991129929912992202999939221993949999303994999999
13994912999992929499992299992013993931939492211993119319922911292202292299394939929339999993
19939229999930119993931013999399999492219999921299113923929329211939939239299202913999949999
19921292211391011120399219494931213949939999399392299499912993921993219992199200229939399321
29492993921930292292999929999992939993299239129993949999311111292949922220299912993939394991
99993939391393949922939912129920299339222293102949999949999119293999499993999929320394939920
23999329393949999929929229112210199999999999911394994992112011199329992299949929992939229310
99939994949392293129939299399992139993932213929939229921129292293921211039499921392921194991
29929329399220199394999299939229999492999939921202029229999399921992929399949993992992299991
19202929229991199999392194939229949930112999992939392199339939302992922999999939921939949391
29101913939991012239211129394993293291101299391393991293994929929992993993949929912921299392
92012929999491019993929929399999229292939292292932993931399319939320239931999302119491199999
10199329399991012121102912992212911193999212932999499499932912999993999491223939119931193122
01299999299491199299101920111911920129922939999394923993993922999949999921999492001399129399
19994939229920193192111392000111992912921393239239319211299399311394922911122920111939102939
19939213912920029111999949110192931921999999994994939129139123921999301929292101992201002939
19929299300392019200221392292011292991112139329999993299392299393932921912199101949911129993
29202129911999129911993992939229121291029393921293949993931993299393991229399201393939993949
99229913911931193112949922939999299210193921992191392110292299993299321999932929991299393999
12999229212992199299999329494939293911011912939211920011139123949999992212392911391139129229
12999399299499292194933999939219393929112929203911921299999299999939999929992921992992129211
99939992029922021139999999929229999229299319119200399922221013999319922922292392392932993991
92112292019939399999994939303999999299399939101111999329992129933939311999399999991399321110
92299229102993999313999229929933999399949999211992139999329993999493991212923949221999999100
29999912000111999929939294913999223994999939992939299999929393999930392911129999392999339110
19999939110000399939939399219921199949229219991112193999319399393993992119292394992949999392
19213999291012932999499922112911139393019201120199293939929999392949939211122949222999339949
11019311292199492932999929993929999299129911292111199229929399992393213993999999299999999499
92012921939139931392213929399912921112293229999921029399922299399999999399921221122931394999
39393992921199999949929929222921101939999993239999112993999949399239992121102992993993949392
99999931391192394999302929992999200399494999994931192121239499999399932991119220229399499392
92113999931112999999920103992139922999999999329991299299994993932932399211929293929229993999
10019339999939399994992029949299399993949239923992999299939393992999922101101299313939312949
00019993993393299999999399399239239922993299499931939122939229991113939929112949999999939999
01019931939999999921399949293993999329499923922291102192993939921019394929299392121223999922
19102293939399939922993999120122949994923929329292119391292299929101199939399391293999994939
19129129992299939399992299292299999499939202993299939992199394939101299999949932999211229992
02299129993939992139999299139949312921299101939939993399129999399229949339399399949102913992
29932299339921292999939139292293912921293110212219999999201129293994999999292293999229929229
92399933993292292999319292010292939499939993999912394994921002192949992139293922939999929219
11932999499129921999912292101921994939229939393129999499399129110294920192139329922229929929
11992999932102111999929999912911999929399229239399949993129299101299911122999993299913939211
93920299399929293993229492129301993929949399994999992139929399219999219999222239399319999291
99300299394929139329999931294912931912299949339949920294913993922139212993299999949939399392
22921993999929299913939399949319992929129999992292211939929320299293992239993999392292112949
92393991394911029229921121399939921119112293111021993929922992292192999993921922191292921992
99949212999300101192393993999999229129399139119292299912992229991192394991101939292931292392
99999119223922920011949999399999292193993292029139299302939929310129939930011999292999299939
12112119399499992002999949299399292291239921199393299939922219912923911292291299393992021101
19129913939999499119992293129229399931992229394999922999499912229999910299992139999992291010
01299939929394992029930139939939922991292993999393911293939319994939921994999994922939992192
12939393202139991199392993293292210220191292229121229392119912939329492399399949910219999129
99229399939999492039112949399392993991292129921299999939129200129993999999394999312939949112
29293999392213949399129493932920129393939921292994992219299100293993994932949923999999492299
29122939111929999993194930393920019399301391121949931939212012931299999991399319949399992932
99299912101112993229139993999992119993912921993994992293929399999222393292923929999292111999
21293229939392999929399999494949922920129200299339949112923993239999949221229912993192000239
93939999999993949213994999949993392910299210194999492129999999993211399999994921129299102999
39319939493949392299939499499399992102932992199222992999499994939922993922139999101199219992
94939929992992021922912923999294949229991129112191292923999999939399310229399499200293929492
99999229392921292912911229992139994999491111119221293929493292299223922994999949911991229949
93299392193939993939939999921993299993921993939999999302999221023999999939999399921931999399
99294931139999329999993999910139211292111299992399949922999999399221223939399112293992939299
99139499994999929949311993921294910039399293931992293999922999939392999393192129239992112039
39399999399992202299911121999949201293999291292930291299211993119932993199111994999999399399
99922939139993939223939392112999219992292292012992921199393949202299239112011399933949993922
22200101199399494999993949211129939939211939119392939229949399939393293119299999999499921119
99910011193023999922111999999202999939921201012292394922399393399949939921112139493922939219
29301199299299999939110139994911123992399911299939999999932939939492203993939399920101994912
19929139112039499992191199939939399322932229922929939313992129212922929239994922920111299929
02929399229294999491192299912994994999499999911113929939229399293929211299939911992999299911
01939993993039212930139999911999949939994939219299219999129993199939392931219911393932292110
02999931299299100293999393921932993111239939229212111129299229393293931393922929999999992292
29922399299139210299939293991291229293999499994939992019399102949120399999993911392392299939
99929939222299993939929129491293912129949922999999229129939211293192939329399202992992029939
94929203999999329329921102993999319912999301123992011199922999299120119922112019922999219993
39329229499999939993392922999213912921399929299491191012992392011192019399939101129399923939
99999994992139399399920399392029911999923929294992111112949992010299129299992011293199499301
39949399930299129239922992291294921999329319229999939999993129393949399299991199939299932921
99392122992939219993999321931999491394999929922239993211399202999993939229492194939229492999
99122992210103911221994991391129921949949329399999949922939921993991113912999139499939992392
21199999921129922991229322920129311999499992022299399999939493992991299200292299932399499992
92039939499999499921929999212993991222939991199299139993394939992993999110122939499939994939
99393119999999993102939992199212993992229992121021293999999939992999999392999929939202999229
22939119999221299129399492199119399499999399992192920139931299991292229991222129219101393299
93929119993191292292139939399219399939392299499392921199992294931192929922999393101019999921
29312129499392932932993213999939939939212999949993999399329949999111212229393999921129313921
19999999922992999499499999993992201299939949993999399932939993212019999999221299399999929399
29939999212921123933999212112992920199993993992122299491293999929213949993999392199399211199
93922111299939399999999229129930292293392392999399923930292111103999999992949921011299392193
92999112994999992293212992199392029939949993939949219393939201019999339931299929102999949129
93939299999999210039911292293039219929393939203993102029313939219499999999293219129399499129
99939122999239100194929399939399929319222939229499939229999399939921223992029912292294949299
94999292299399111029229922113993939912999394999999393994992029394912999391119929932949992292
99392029299921199101199219299992993911939299399399110129920019299219399111911119399393921920
