992129291199929939229939392019393991029229999399
999999292121211299999499949203949992193993994922
999399299992991039932999999929994949122992939929
399239294992111293992299229939229999299311913912
999992299949119921939299119499129392194920119229
299393994999219910119239102922299291129991011292
299299949993939211103992111219939111911291193991
931192393121992199939931999939939111101020199220
992021939393991294993993999499392299119392039292
139291219939921949322949239921112939229949299129
193121939229911993999499394922939923993292021012
199991393193910392229993999399494999499121292299
039993949122912939922210139229939393932299949939
299399999299929201399911294923929211399933993119
931292399299939101949219999999329929932999229111
293921999239999212993129999993999929493999111292
129210139994949999499992299392394929939392293949
929291199999992293932392299399949219202011999992
229120129931121022999999922994992129229111122930
999392921391199399923922912999992999993299392992
994922993930299921219211219499221393139949920399
229219339493999922939299939939299999294999202992
929203999999494999399394999202299939299931029991
212929323923949229129999992129999912112292193991
991219999939992029119339221999949219929299220392
993921122399991292012992292399399219229229993939
129391199999493992291392939939239921299911239201
019120299239949939932993939929999992949311993111
011292931293999319499339492129949931994992129999
293991292921393923923999991299992391299229202399
939931291219991399319939992999321992139219939921
921399922939922939939301392932991299993912293110
393932929993939929994922993991291194931229399391
949992929991293129499399949320292039399993994991
299493922110199399999223999992999392293992939931
039939999200299999923999229991113993991391202999
199311229912923992119221001111019999392932921299
194992939219319921119392000019229492293999399139
129391399119921219912939101002999992999399229399
921192922019493939922939219211933932993193939993
391012939219949999999994912993999999949210294999
920029499913999313921229300139392293399921299993
100193999219933939911929921293192039999399999949
010192921129499399301922299939129293122029322999
191011211993999223911999299211029229299202992122
292129993992993999201121192192299939393911949399
999999949932992111029292191199931394920202999939
921129493399939110299229291122992999922939949329
910002939939201192922911192991111922999999399999
