9299911992929399921999912999991199911929999399929993993939392999210110199929299999111291199
1112921921939923993949929999992192101119399949311299939399992999992992299912022939399992029
1920292210399229229994939932949120129101199999991199939299491293292999993929391219993999111
1391129992931199229949499992299392999211299494930199993199991299222939322912993939392949392
9921939992991112993399993299212991113999939939392112299293993999999229999212949399393999939
9302999993932921999949999129920110129993201102299929392193939949939399399399393194999392211
9939212229399493939999399119991111999499921119992129992299301293129939139939399299393193992
9993119911139999912139392101222992993993999921391194999923920299299212299929932112139399399
3999912922999921119299992921999931293922923992991129993119493949122199999913999929993992199
9993922999213911112039992293921299139319329311932921299102999992199299999219392212211291039
9932999922029929999399399129921192299922993920399991129201992221029139492102121999929120299
9999311129393101222921039219999392993992292393993922912920393999111199921939992992202292931
9994910299999202991100294911122921992999139939993939912993999239292123920299921292929993991
3939921932293929392002999311191200292139293112129392229499499399399999491022229220113939220
9219991299210211039119393999121910199292299399202112999949949949949494991199999992199929291
9129931294912991199229293931192920193192922993939939239999993994993939992039339999299939391
9399999999229210122999299991292991199211911392299392199939932999930111299293999221129493931
9923939949293002993992292112930121294911929999239121011201299999992192039393992192922922999
1229929992299219939393992029992199949911929239999299212921129212999129299999920193992119339
1992119993949921129299399293229394999311922193999393999399939202999112192399911039399202993
1992119339499991293122299299912949949992299220212932999399999929321299392999319392029921399
1949929993939931939999992199921993393139112992921999223949399219993994993999929992011399992
1999229492921292929392392039993999999392102922992399399999239212999399339993929949392932920
2932199992991012929121999299949993999922929939949933999239999993939394993210212999931991100
9999393992220029329292939399499991393929939499992399999293933999922999339911992949492292000
3999991239991299999392929999999393921922299949393939999222999394992939994911220293949399201
9932293999211923933991129392399229201299212393299912994999949129931939939939991021999949929
1299299999212929999991199392999922129299939999939311229239392102292294911299921293993299912
0292129499999922994930299992393299999212999493219999912299293939299399311129319999499393119
1992929992293391129993949949949293129911923939929999929999299992199939999929939394923999111
1992929310299931019999499999399139229201119329229493923999394991022229339939992299939999391
1921929921949999129493993299229399999129102999399991299493949321299993994999492999993294920
1110202392993139299930299129929999399299100212939392199921394999999392999999922939939139301
9392929992949392194991139203912112293293111912929299299929999994999391293139329229911293929
2922913993999991199492999939229219999949991129229111193923939399932992139399992293922992929
1129229999994920122991394999293921212299921299399211012999312192291399999992392991399311912
9292193222999912993922949921293992929239319999949999129993999391111949329922991292994911929
1110299993939939399219993201939921129993921394992292193292293921911399929939491121239211129
1921923949229492012111229912939319393931393999991292199239122912929999923999993999999299399
1991229993299991029992929939993923921299999393292999229999399939922949399994949992292293999
1393993229993291293930119499930399219399921039210229929223994999393999399999393930292993939
9999949913999211991391102993393949229999911193921929312199999949399923949931292392993999912
2939999929223921932993911399949994999329939391393939999212994994939219399992949991229939319
1911139312299392999949929994999949229939499993949999399910399939929111129992993222939329911
2911299999993111999999301139949499102999932939493932012111932219939292912122949999999993921
9319932999949911239999921292294993111932392923921999129393999912293110129399399229939220399
9939993993292219999993999921299949993999992999921111199939939929399921299992039129201192999
1393129949392922949920211229993399399999491239499111012922119313932299994991199399211292992
1949219494930292999922921999229993294993922994949399101999103999999111299311193999999931121
0294939939992191211399991399219939999493939329499999102949219999339101112939211299949999299
0199993913949111922939311999912929999939399929999939119393912949993129921394929299499993139
1299931939399212999939921999912939999929213939994911112292922992229999999999311193993949999
9999993999222999239393992993219394992129929499999922999921999992929939239339991120291292139
9923999399993999292291391239922029492299939993999999922212993930119229299999921991010020293
3929921199229993193922992999999129999993999321292222929999493991119299123949210291000192939
9939311299202139299219210294999299999392994999393993913949949321929222299999391191001292912
2393999999939293293101111299499293949392229994999949319394999993922999992229991011029992129
9922992113993299949922999939922121299999912949499993929399939999492939993922931019399939399
3939920119939921393299921219939999229321112994999992119999319993991229239493999102999302931
9499911929211212999399911911294999913992299329393999103994939492931992299999399212999921391
9922920112292999932999910111299399229339999912121999219499399992391122999211123999492299920
2911392199920211293931210299999299299993139219992949939921112139931299999102999239931193100
0129999113921921199392993999499393039949299129392993999311939293399939939129222292399399211
1293939119991399222193949994993939299993199292192392112993999139933912929293199992999932999
9922939119992933999139993999322912199999222191129999101999312294999301912029139393939492992
9939492111220399399299392239999929399999999293911229200112939999493911119129299129922931921
2993992993992999393299399993993922949392211039911939921111399923921229219299129102291392129
1920121129311994949949992111211391393193921192201994999999993929939993912029229219292949392
2911199119911999999994920129939993999299499222910399392294921939999312939202993929120293920
9939221003920212992399212993294999499129999999912922291129202999329929393920291219391293921
2999991019393912993949299229129399922003922994929229922929119339929912192292122922931999499
2939211111299219499993192029219299939229302939202299329329219999229939399139999992992393999
9312029992939112999939291293939399394999939219119999999994912999399393922199499991239993921
3999293111229291399929111993994993199999999119103931121299201999932292929299994992994949311
9992299119992012993921101139229939122999322112029391191193002992299931101199499931949999999
1111949119392019393993939393029211292394999999399292111139129320299499111023939392993999949
0010293129239119399329994999392292999999493932939239939992299993939993299399929120393999992
0292129999993112949929999312921932922299992391103993993393994939929939922939319292949999930
2939912399999993999911299921921999229393129992119921939939999213939302910112911291399939491
9921119939499499993200199391392111294949102949922911913929993299394910100193911992999929991
9992012912922949329921299293949101939999200394993922939212399939299911111299302993922929992
2139293921110399929499932139499110129329911949999499399399999329139329999993929239910129499
9392299399392921102939499993999392299939202994922992299939493999394993293211202299920299993
9922999229932921000219939492999939992399229339211122932229991112939939139929929933992932299
9929339921299999211912103921294921112993999999299299999999492110212102199203911399931999292
9939994991139393992939219929299992119221222139399229932223939992999119139229201921291222192
1293999993999211211993929229122139922199999299999911299999229210393029393999202911011999399
0110293399222929912921911293199299399393129299999921293392199102939394991293929219211949992
1911299949291102939921102999239393199939212122393999999931011029329999491010101019992994992
1929921393110100393999119999999939139913999999920299994999201199999939991101100119392229999
1939211949912912931239129339994929299229499393200039949239939299922119932939922921199929999
2999392399229939499999393993239301139299999229920193299393293022219102999399999391194929921
9312939949392299933993992399994912999129939911291199113999139399911112993112129111199312211
9920112393921192299931999999999329322019229301110293129932299923912999499929119129229999999
3992299932929121039492294999223999999129299929912999994999994929929239999939129393921239993
9399993999911199299939129211199921299292029201119999229211129929929293992292193920292993999
