9399291100292920192293929392019219911921939200119993921101010001999999921101291129299999992992921
2992193921992991139999229939229912912992999922912999499929392010392121299939932999399329921922999
1991139993991122999993299219999921939221999999910299921202999292931191039999399399939939302939992
1993993229492199994939932119329492299292939213910294921921921121999291192399129221101294929999920
0229999922949299399911299922939939292111212029921999992391201991221111011921119992100139329322100
1929999492999239139311299391293929122929999299392993299992921393993939201912929939912993993999111
2939933991399993199999949292193921299201139299212999239993999949399999921229939329929921993993199
9399999992993999213939999229399393939200299229929229993299992292122933999999393992229212999239139
2029992120393923929229922929949239913911993913939129999299920022993999312222193921992299399293299
9102391292939319939293110112399993929921292929399293399399300199399923929999229910122999399299992
9129993931939939999129292199939492939499392922299299999994910199122939912993929921299933999123921
9299999492999493949201139239939931294999992999949399399999210293192299922992212999993299493299219
2012222920139992399921994994999499399499991129493932292139293999399222999999992993399399949993002
9229992920193939994991399949339949922994991103921999930193199999949991299493121299999999493999119
3994931992291229499992931393999993922939931939911229491129399222293992112939299399399399920212029
9939392999922994949992992992139992299213992399219913993939949399122949921929213993129299911939299
2229112939319999993922920139299339239299999993019939999999399999299993392939939399911299202993039
9999219922923949931939921292199993993112999999229399399499122999122399921399999229202939219999399
9213912991399492392293299931123932999922939932999392199992292122299949329999222929219912939949922
2019312992932932999399293999999999993999929492239991199211999399933999992299293929911111392399929
9119999930392999999993120299931122992213922949999221029102993932399312291011299912910199932921112
9129393992992394993129992292392192999929492399392199101129493999932929211011949921111122999921199
9392192393999999949203999993999391229922949993120129102993939393292929939292994999299993922399399
9991299949239993399939222299494921939392994999992911129221219129392119399212949399299949319949999
9993939999393239993299399222999210399212949499931212999399912102949119112939399299393399939399222
1139229922949999339239923992292293999939999999399999223949929921993101112999393129999949999139299
0299299910393139993993229329293999399999999999122299299499922992299911999223939912293999229393199
2993112211949393111999999939399222029329992399399212199999393999299921299399922119212999212999399
9499939992994939111939323999992199219939992933949929139493039239229999213939999229939394991399999
9993999491139329292129999222930199912292292999394912199999399394939922929313933994999299993999922
3932999991293993039294921191392193929391291239239329399949933949999911929999499399949299939499939
9999999321931999392139211292939392219993922999999999994999999399499200211299922011299229923939499
9993994991292993931999399992929999922999939392229493999393939394939101992199929210113929999219999
3992999920011391293999999991229229991111299293929992939110129999201002939299319992929939949203922
9931299201029992039923999992992129221000012199329992939200199993101129329139939992939399394929929
2399112029393949293119499932932999299100119299994991394920192139929999999394999210299229129929212
9993129299921992039129992299399222111111912299499321999992191192219939999999932110299921101219399
9399993039911220193192210112199299911993929949999991292299292292912939993212299993999392911929992
1039999293229991039121911929299299311949912999921211121293299921922999999939299399329221102923991
0199922039994992199393920112293299993993911939911939999949933910399213999999129299929999219999920
0113929393399499394999991299999999499992102929311299999993299922939129949999102139312994929499211
2929302999999949939399992993293213923999229219999212393399292399319299499999129999993999213949299
9912910299312999922199991129399939229239999202994929999999392923911029921221193393229993299499122
9310210122912994999229492002932392299399329911999939329999921939921019301991199939921399949999299
3993993992929329949912949212999922939994912920229999929399311999999103912992194911293999999949292
9939239391103912999312994999939939311139210392911292101299992121212119929999239301129492129499391
3929399120119301129999939993912999992292293993920192002999949392929939923932994929939992112939992
9203992192923939102392112222920122239922939499991299219933993921923999999492139219999939992912999
1029491021299493029930299999492199994939922999992933922299492112999399922999393113993939321922921
1193991299229949399993992129939112299493992212931399499399999299392299301949999999991399991299920
9292292999929494922949491129922029399920299921999999994932399139212999910294993129992923991193291
2029210393923999302993922993999399999921299392392299329999992299929239920139239111392929391029392
9203922932999999929921939321293994932999922139992023912221212999922299992993299293932912292029999
9939499999212293922922993999292229992229929999339399929993929931299999321299999139999319999399492
9399999932119122991299992939399922299939939949993993119239912291139999999229399292399929499933920
9223993999911299492199311923999499122299399399993999119294929121994999494929299293994912992399311
3999992299922999999299922999999922199293129123999993102199922293999229949319121199499921392939999
9993399299999939922039999499921229111299939399949399939222999939329102393929392199939399931113949
3999999299329302219394932949201999211949494994993122294991392213911119932929999129311199399299492
9921222039922939913939991292101993993999999939949999399993993999911912399929499229992029392139991
1212999293992999229923992293911993949312999939399932999999999933920119992229922993939219993993931
2999339291292992292299499939201399999921931299392392999239499399992002993999211210229922239222999
9493992021120293992194949939129922999392391199921993921294993123939200129939399921993999993199329
3993991299992199999229999992299211229139992199911139921999999999929910019219999392993939999123911
9999992999239399949922239322932299921299949229929393992392139993129920002029949220399313931299210
9933932999394994999499994999999932992999994922229922999920199339399492029292394993949999992999291
9499499499939399394939239993399993992399949399994939239921129994949939299393939999394992293939292
9923923992212199399229299999939999999939499293999999292299921399994929223949912993299992029212029
3929939393999139992199293923913994921219993111993999391122992999939939999999211239922999212199119
9939392199499294930299393939939499921929339921992399922993920123913994921293199993202939999293112
2993292193939299492999939999999993993929999392999999929399910199329399911129392399929202993299999
0139939210129394991394939994933931949319949292239213921299211123992194929912992999929211999999211
0199303910293999992949492139399393993939992129999119992992299999992039913912992394929993999949211
1129939212932992222993992299399299321994931912221029391392999499399292229929949949312999931293999
9929992199999493999212999939992139991139992129992299122991229939212012994911399394992999992022932
1203930121399949499219949319992992291194939399399999399993929913929129399312949299321999949399999
2929993992993999999912299929392111011299939931299939993229922129329292039999993129992293994992299
9311129991211129999939399202039119219994994993939329329929999399999220299212299939939293999991299
2992112221929212923993949229293019939999939949929999939319994999329993993129399992229399932121921
0139999992939993939992999999229219993939912999939212294939329239921399949993932121999949399393921
0199394992293949393992949999939912211129310294999229229999929399993992292121999293994999223939399
1121129949391393121993992229494939929399991139212999929949313993399992192191392029999229999319122
9993912993992999993999932939949999929939992999200293922999999239999939399222920129492129994921299
9499201120110239499239499994999399939922931949910293993949992194993913939999212999931994939992949
9922019292012999999399993949392111293992992399911939329999392199993939923939399931392949922930399
3939201129299949399993392293293921111220399949212939923932299139329493399939933993921999992292993
9999911939139999392399949239999399929993992292299494999399922199923939999993999999921239999221999
9499911992199933992999999999321199929999930193939939992029939212999911293111393112999999393991221
9939912920193299991111393922991029329399392199911229210029493911122911129219939211932922121393992
9329229301029139930111993911120003992299399393922999100193932929291119939913929991291129999949239
2992299939112193393992129939391129311923923931299322001192999939110013994939921291291199949399299
1392922299399229949999102999992993921939929399139999119393949392011199329993391011991199499293293
9993929293922911292399111393931292292999939399299993112939999292199299939229991011111194992199999
2939219292910100011939299920299129111939999999129399991102939299299129999102920199119299920029211
