0129392939399992992119991129111199992993992129119229912911929991019922993992991199929999939110129
2993921399939991399923992992299292211949239993119992119200129220003999499391391011102922993293999
9312929994913932999399930293999393911399299949911210112111199391019493999112931000011110399999399
9939219229939999993022291039393949329939394999911921999999293930003921122119999111199393999229129
9999229201292293139399391299222994993103949933911292999993191291119219399929992199122999992019119
9939993921292199299993921932999339999229392399939391212399221292939203939213992292192921220029112
9229491399999139123931921992993993399999393993993993939932999931394939211299949991121912992192299
1193992992399399399992392221292999949923939321922999994992949999949399392993399212991219499392932
1121393931999993922939939999392994999929929992939999499922999933999113991139992119992939994921999
9999949992122292101939329949931299921229219993994939949229399499329229920199931922392994999212921
9323994949299299211294993993999299302999102139939911299292039933923993200123992399992399999399920
9999499399393029999239993930112129939921129299912920292192199499499949912999229993999932212999491
9222992139949219994999949391029939992102999299910393930039139999994993129993119310299399920299930
1192111994999912299393392110292392391129993022201999492293299994939949392129939920039229391021391
1029211239932119121199922922993993993992299399911229999949922999312299992013994992294922121293991
9229999999399201192121119999399399939392199993929939339999301939999392299399339939939399999939392
9999499322039921039992129492112122939229129993923994993999920202393920123939999201212199239219239
2993994999299399399939993992939993999929103999999339991211393929991201999912999101999393299112999
1212999999299299922923993932999999993912119921293994922911999929493922993111399211999999922292949
9929399499129229920299999499999949211229922101020139219921999329999999339299999992992293119930399
9211039992003922392111129949993392129992299219291299119992999999339993999399993393991199101392992
2192299221029499999910129399999992999211122929292922012930299923993992923992229999992022111992991
9399999299393932933921992039999991112029992211292129393991194939931921129312939932229299993931110
2999393293992993999493920193399930129294939992999394949921039999992129299939992299939229229999100
0229399991220239923939911199994993992129312392932949399319293212299292193399321293999939112229100
1912994992993993939319319112999939993939999922992999399922199939293110029999999930111293299929200
1911939322999393994913929200392212299999932939993932992299392393199911111394922992001029949923921
1210102999399129229319203922992999399329991399399992392199921999293119992939300399129212993999399
9992101229139111019939219499212949939921393992112999999294922992199129391102921939394992991139392
9999939939299392019499939993029992212292949922911223921199999492292193191100292929999932991299991
9939999999123949203921393949294922999392292219939999920293999949991139121910293912292399492921120
1112921229399999939921991399399319499999392929999229993991399999321999292102999939292939991200292
1192922939931212394992222994932939999493922922939101239392923932991299239129399999292929992912999
9291399993992939949229999399993999999922929993922102999293929492991112992199229239212939311939393
1112939991392399992119329229499492122939201239999929949229923922992921121039912294939399911392029
2929939993999939992923912912933921192299211999923912993912299319492299399399929999993121129921029
9913993949931102391399311101299939399229992932929311932939294922939139999999929229999991299229293
9939920399391019993923999229399399949912211392939991399999299993911293999993911011129493939399129
2999311931020003949939229994939394999929929920394922993212194999211991213932910292019949929931129
2933991391191119494992019949913999933929302102999319499929129992192212929999922939113993212992999
9999221992292939949310012992219999999912939229994923932929219931199929939939399329399499991121399
9392192999992399399920293992939999994922999993949499392912923999112102393939399993923993931199992
1111192393399931021292939993994994999499394992999993193911999321029119921999999321939993999392292
2939239999932991192293929499339239949949399311393399139301994991299229910122949992299999994921139
9394993393991120039999329949992299393399939929939999299911949922999993921293993949223999939329992
2129949921991291194939994992121921139999921219212212199211293939939392999999492294999339922993292
9913999201993920129939339931192922999239993929299929139299392399922191229394999399999993392949399
2939931112999302939394992299220399999299239319139229293199999932399293929139239922129329992393992
1999993999939929993299992112992993129399299929293192199299212999939239912293199229102929229991210
1999399999912939239932299912993939119993123939229292299129111393119993939999399392101921113922921
1999292229200292293999299929239939212229999994912299999129299939213920299939999993910293999229399
1293111939200293922999221201299399999922393399329992393199121103999301039211394939301029999393039
9139922994911939929939993911932292122399999939999222999221292029239929393293939929929129229999399
1199999939201929203922999311999920299949339312931299494993939399392103949939929939302199201139949
0293139921112929229493993992229311932399999992392994939399329949991029999311119993939222910199493
2939293392999202999999922999929992999939393999930299219229999499310294999991011292394991210039999
9922029992393000399239229394929993992219111999991299219912123999922939399931292029939993991299939
1299203949939212931193193039922939393922002922993922929929399493299229229999999129219999221939929
0194939399913999991139229399991129399999219211999911201229939939111299939329949299229922192911101
0199999113939993392994923932991299999499929393993939911994939939101949399922293022993929292911101
1199321119499499921939999393932939933922102949932992200229499399110392039499129392220129211929929
9399992922999932201229321299999203999319211999999212921929999299392991194921129939991193920129911
9993930391293399939994993999993029322929993999939119492111399112932991199302999929320192291292201
2221392992199993992239499329399399992912999923929113949392999100399221199929949939992299112922929
9999992999299992211999993921122999392211239939929399994920239212939399294921292393999949219939922
9393111931299399910129492993991299299999992399939931399922993999229992129491112931949494939999499
9239112993921139300013921239992011012294932992394992999999311293199993929921939992399939499393939
3993299999211999911199329999499101119399999392939992992139929239292299939210393999939929992112939
9329994993293932939122994999931129912999993191103931930199929993110139399292992922111212992939992
9922999399949491393192139922393994921949399221029492992039203999912992122010111229393991210299211
2391293294999931999399294929949939991392139999299992139399219993129931999100019999949311920039129
9921199999939393999939239303999219492931992299229999299994929399293392239110102999394911991299299
2229212949939399229939993939932113922992120039939229293239939229299939999392912922039911221921129
9994911992394939112994992292399999319499292294999112199993999922113929329993939319294939992922929
2299302993999922293999949292999993912999239939322199229931932399939939939499999939129992392299921
9122929999493999999329399292294993911394999312999229929492999939499399494999921292029992949399991
9292101299921393399939112139299999929939999993999921112991293229999229999221111191199322999999221
2029111139929999994992019993192129929229993129992291191292299999239912399291199292293999932299299
9229299999913999339920012299120003912299939113920291291299939949393119992192122129921949999299399
2999139239319494994920299139391119219949912199911992992931202394999229392029999939200393399293939
0399299294923939939993949399993939112399229394922992992293939999393999229219239399112939999210129
1999292299399202922239994994949993299999394939999991139299499212292129939929293299399912239920199
1999293999399111399993139939993949949923949329949391293199932119999229999219399999932129993991299
1999399994922199999999299329392299493939999999392122999299999922129992239219922923999293221993932
2993993999229239939399239999399113931999239921292999999229322999219492994913921929499399993999399
9930293999399993129229999322999129393949394921932922393922992293939992399319492922922992129322292
1292139932921239399929994991399393139999949492999219931993999392993229932929991292910392129999930
0199999393922999999939949493994999993399999930299119992299499930299939492101291292922999993139392
1129499239999931222299993999949931399999922292029111399239999391199494939111293991399999229393299
9929932999949993999239992922999393931399929299201293949999939210294999219299999993933999219999999
9202993939494999399999493911949139993922101299922999499399219912999921011194922999999322913923992
2011299219949932199499949201992193239939212992399999939299111229999201191139311949399991119329491
9299129212293999239999493010392199999994999493993129329299393993399219293999992999299931103999931
1029102999111939993999939292999299999939939999399102992012999399993929299939920292029999929212999
