93999391199119119999229299399921002929991192991
99949991192112102229992199993999219939931010391
29992391012999929923992293292993929993399111991
19221920129933939999339999292991212999939393931
12291102993399994939993939112992992993912949999
99920019399992239939310102129991210111922999999
93910111112392993999910029999992920101399994993
93921992939991292393921199993292993939922299999
99392293993991199920299294999111939492119399932
39299229930391293921193039392112939921012923999
93294923993993992999399392293999999939291219993
99949499339949393922993992939993222993193921299
93394999994999399920211931921399992999239391029
99949933939994939392922992992992212923999392101
94993399912949229110299312921921929929999949920
39499949911999399201299939201212929911394999491
99949494912949993939923999119999319922999239992
99994999229992211399319499112399923999939399999
99999939392293939993929931199922399949912999921
12939913921299999493939992029939993293211299921
01929229939931399999399999112393129229999399999
10119293992392922993029993199949219929922949999
91011291392922911999201139213999939219201299329
21293993931939921993920199939393399119229293912
99949329993993293921392194999399949219999220129
94993912239939399229999139939994993912933992299
99992929992129999293292199929399392111999999992
39921112392194932129110293929399139391399394920
99319399999129999939111930219999299932999399910
93923933992019999499392292939493139399493999201
22999999492012993939999121999999993139921211119
99923994939393920212292293994999239999929912912
93129939212939311999212999999993194922202929319
39393929291213993999939322299229399329922939921
99932921021999499949994999239113949999399399991
11399991193932939999939339999299399921029399992
01999311029991102993922993999393139301002999999
02949939112931102992991292949949999929100222111
29999999393999929320392291393992299929211999210
92394999999493119992949992931930139229993993991
11999329923939129311299992992393999399949993991
00122912929329393929112393999939923933993399392
00191100102999920119119999229201119999999921029
