92999212992999392101993992993999912911999922920
91299999991399939920129921239223929312993399992
20022993922993219491019939999399302999949999999
91191121119399939930029493123999910211293999222
92011299229211293292294949299994912921121992299
29229949999921029299999999399939219399992111931
29993399922399112192139949933929211139329202992
99999933939949399110292294999229992999929939329
93992299993993939201991029329392221239939994922
92392193220393912910292119939921999999999939999
99949239992939202910299929994911393922399202921
99499999311929129922932103939939992129949102910
99999939922922299999999219201299939399399229200
99399929999499994939399929111039313992299999111
39399929939949399311123939399294999311992293299
99939302103993299993999494992139339911111299999
11129929129939999999999999222999999329229999399
11294929293219499949239493299939932994999999293
99999929399923993999294939921229991229394932039
29494929994999392999129922911994992912129999293
19999302399999111139119392112949211929923999229
02993929999993129393102039399499101113999239929
00111129399239999999929399922932119399999299939
10119392039392293939302999911999929922922199399
92923931299921191129921921100299329921929399122
10299499999929292299393920001039993292929999299
00194999993921299993299992019299399221202292199
11029394921992931299949939119399399999939221292
99211199301393991112299319102999999993994999931
93992199929949492929122929111212999920399239999
92939292129499992102192911299911949311932199932
12929211294949399229221112932911394993999394999
19939929999992294999999399991219999329493999993
02999911299921999312294949393912393922921993939
02932100292110123939299392199219992992911210102
29999111930292299999392292293102293992929920119
99329292993949939313993939939939129922912292922
12929221129392202929949929211393113929929220399
11939999129221912923999921193949999203912993931
91399499299992939499999992199994931019920139392
92999932139493999999949229222939992103991199229
92139999999999923999993002992129499939991299939
39399499399999219994939201999399992299492999499
93999999299939211139939920212999931129921299939
11999921011119991192292292911993999929929129911
