299392191299922939992929939299399993929921
999949393949499499991102992194949499913999
393293999993939994930102992039993993939993
999112922931929939393929939399222932994999
939229301292113939299313939993299999399329
929994939229399399393999399329999212193939
911129999923999299920239393912299129392999
920029499399993029301993993939299399991239
291299949392239229920392939999299993393993
192923999922993999392921219211139999939239
292929499929931393292939912101999933939299
932929932929999999930392219912939999393022
999302291119931212393932939939929329129399
949929221011393939999499993299939939119939
993112999393999993399949239399993299102101
399392399999494999993999399999949212029211
922939994949999222392993999399999929393999
101912239493949399931392392139999939920299
011119999993999922399999931999499399910299
299219393939392229992293992994949229911999
994929291129293993921021991129994922111392
399311291192199492929391211029239399299930
939992930020194991219922939299292129399992
929993991291129312929939392111192929993229
129939311993929939923992121910292219949912
194912911999201293399393991102939911292119
129211201299110199949399491129319910020119
911299929221292193993994992999929921193929
911939939993939293921399992921211399299922
921229392299929239319999393911993992199399
399999392039912994939493139312939491112012
999933999293212949999999999999312993939229
939999392129999494999933999229992239993992
922229393922299999492299493119999999310292
399923999999392212991029949939931299910129
939999322394931911291129994993991139911939
929999999999491229392999229392921999302999
201139393123932993931993102292921122939999
910299229299499993992999929992299292999993
201999912199939499920129213999299111992399
922999219113922939301012299999299210111922
999949119219391213939299999949122992002939
293292103929393999399111212999291399219399
029292929219999921029101910111011999929292
