993999912911992011992029110112999910292193921993929102992993999212999992029292291299111029392
939993929911229392999393192999239922999239392399311019320129949999921239292299993992299399999
101291113939913992939949212999399499339999399933992102991019994992112999293922999922999999493
001010299392219992212293929932932993999494922399499921991103939992199999139311399929399499939
119102999393912949999392922991292993932999929939999392993939912229292139399999922102299939329
939229499999911394994921392992020299991299929939993011229499939922292299999949329229931119999
999993922299929949499939931939392112121139912992399129923994999999939933933999993993291119399
993930219399213999939392392212999939299992100293993299499999932239922999999499310299292921193
392993929993299994929211999993992399129492010299399999931299999992292993922949910292021292129
993999929999999949912910399399931999119949392931121399992299339391111992201292101931299229929
129239213923993992210102932293293999229399931993992999999999993011921299929391011299994912129
112293199939212922992129999999239213999122391229993992223999939211999139302930199239329219399
999949399399119929239994993299993019992299993911399921999999303992229393921991299993929119949
992299993193011129292139999229239103993999499312949311999229929239939991392993994992929229999
921193939239391299110193994922293019499499994999999991299211119399999393921129999932939999992
229393922993993999210191229999949202993932939393993991293991103993229399319201239999993999992
999999491221939339991121939392399911392292911122931922992212939339913999922912994949221212299
939999931993923999493992993021993119949292112999491119339939993999329923992939339999399929392
929323993949999323999992399292129229399239299939991129993393292999992219930393993994949913991
129999999399994999939499993129219999294999129911293994999999393949393911293932930139494929320
299312293199999922913949999939912222199999112201199339939399939992299921299399991199949312991
939929239113999211939499939994939999299922199929399993912193912392999999999139921129399993921
912939992029921192394999329399994922199939399203949922939392929992999229999399229939293999929
912999220299920039939923999129999929399494931129999229494992201392939111213931194993192229202
229999292933991299212229229229393939939999993999399399949229921993929292929991299999139939229
993949122999322922299993002992021993219394999229399923999211392229939121102921949493199999992
921993299999999929923939201991191129921299921113994939939993999929393199211101999939399993111
921939992393292229939219920210292119992949911999239999229239939939399229999202939213932999129
992929221939121992392029493911999929220292101299394993193293129993994913933939202299392399399
392202292111292992991199939211229219392292119394999999129999294993949929499992029999139994999
999929999293992992921194939399922102999999912999239222129931199239392119939991199999299999999
139923939299931221929129393949499921123932101229299399993992299393191102102920199999112299499
293299229129999993929229121394999999299999229921199999993999923999293929211910129992029239999
949222199229399399929999299999949392199999999492029992239393939312199219992202921292193999212
994999394999299129201212129312399120022229922939119993992291299929229129999929491039391393019
999499999949239201101929939939992291299921211201029999392921294929922292229219920299921999201
293922221394994922911213999399393993999992999911293293121929999921399993939229311932922999910
111229993949939399929999992129229239393211993129999239992213922293999999999999991293999999921
939992139493911199211399992923922299229920299393994994949999219239329939322939991139399999399
294992293993911199392999312999999923939391123931229399499393129999929913991111111999399392293
039939993949329239930229929993999229392293999499929294931139992129913929991191012949931022999
199939999993999993392923939922921192021999494932939139393993120029229219921291299999392199499
293993921291392299930299992129210010193999999991399293139499291192299112229993939229239394999
992931110122991193991039311199392111199999999993939299999999391122949299993239219203999939212
120399392999991011931299939139949999294939499399229212949239992999492012399992103939939219229
292999992999311101299999399299994939299212939129399910299399921299991119999393929499302129999
992293991229939929122393193113999301293192939219939310299999939129921929939229912922939993129
999220392923999219299999139939322922999211299929229993921294993029210102103921202911993999202
122993991399339219129392299994991299313939129921192299211299499392291029129993939922931932929
191299392994993922011292939999491299929992029491192139399949922931991199292299399399992392921
292139222999992999292922939949921939329992299921029999922393912992291129292112022199939931991
999999999933920139221219999499201219999239939929103932129920219239292939399929299111202392220
949322993399910299999929932922029939999294929911019999299921912292293999922202122102929999992
999992949933912992392129992219399392129399229310019921299391229931939223939929999939912229239
399492993299929493920192139939939291029932294991012112931021999491212199494912933999929929292
923931949294912999910020194999219292193999949992299299391292394992999112999922999499921219221
119392992199911999921191299499129129112949399239999393122939949221992002939999239923992912999
119391391299922931399112923993193129229993021193299949999311293292992029311239399939920212939
923993921949999393999129219999229994994939392199394992139992199921299399993993949993111999939
299999201399399239993292012222939499939922939399949920199499239929239999329932999399293999499
122993129932022992299991199993993939921392112999993110029922994923999993912299931139229999921
992239999999393930112930199499321929393999291129239291029921229999329392219229993999939399921
399999499399949993920392139999993929299992291112192192192399912294939299912913939492293199999
999939993022293299993999999312299929293392993999121139393923929299999293100229923992299129399
993929229399299292229393993929394922129993999492199993999929229399932199101993399999931101011
991111129931199392929292121112999999929499499991199992923911299939999112012949922294993920101
931192992392123921112299399391123999912932922221039211939911999922293029299999929229949492929
399391292949999319399949922991299994921992229999292012999300122299239399229993929912399992912
933921192993999929999999211121994949993939994993110299994910299123999999939992112119993921939
999929221991111211222939299391239999499213999999921992299922921199223949394939399229221100392
921102992292012993992129229932994923992199492129492992113999920011299393299212949999299201931
211110299399299239999393939999499219210139931002921239939399991101921039999391393392013920399
999991294931139393293992999994921119211993999102939999992139993911101299312992949992129493949
999992999493999939392991299499302939993921999219999922922999399939219999920212999329994939392
922930399949949922920391012939939392299201994912999300229229399994929939993939222913939219121
921392932999992293922992102929499292199212999911994911992113939339213912229999292219212001299
399993992992211039399999939303949299222999949920139212992999929999299229939399129929399202939
992399992111929399229939499939493299993994999992293199992111201239221194999121102129994939319
222921299211923939939329999499999994999999939499999299939111912999992039999393929299329994922
999311022991399911299999923999992399939999912999992199939292929939399394923999319122912239999
129999292931994911029239219993121999202293912993991294999120203922023999939999911191229993293
101299211993999229212299101229293999219392129931392999392192929999399993299949910293999999399
911199911129949299999992101939229222929949299999931399210293922949949399212999302949399499999
929399939219492129399993921299929392212992293394999993922949392999499223912999929392194921399
202933993939993922112129499113939949991222949999999991399399211994999999329993929121039212993
911999392293939499939213931119392399992999992299239922921123911999932922999930102199399299949
911399229293923993294999393911192999321949931199392119912999310293291202994992019213922193992
939933912199499399239399399211021994992994999123920101129994992299121939999499129929929292292
399499229294999129992112932299293999221229399399921921292299999931291392299992292112202129299
939992299399311029932912999992029993199939229921392399921199399993993920193922931199939939121
939992939923911192399939499991013939394994912912939993119399399399999920292219399129499992291
299921211119939292999394949391199939999999311929912229119922939292139993999929299212931211991
129319992019999391293029499221013992122223991119219929212922939392292299932921112993992921220
939913999219999991299119999999129992299999931119211213992299394949921123992992912949491299992
999929999911212293931019222222299939922299999923992999499299239999929999321993929393992299229
999329322912939299992129299999932119939399399399931129922039999499912239993999212121939949111
939999991229993192139999299999999103999993039399999212929399222931119993939931199993913992292
119239932993229221293393029212939219999939399993999991203922293992119211939492112129329993999
019399499229912999999999111000103939322113999393939392929929939499922110294999929119999499932
019939939119201999229999291000019999999299999129929111929929219921299991199399911001112999399
