29299939999991199102920293939129101991019999200
92199493999311122129993949499399211120029922921
91299992223929999999999999993994999392293920299
93993129999203932992399994922999923999921292111
29999211212129991211999999329922219229229229921
02229993939994992910399229999929929111294939999
19929999993939993912939212392202912292939499921
11229492222922129229939999921922929931913922201
92999922999999212299994923922999911392939229929
11299939922222999932239929999939911992293293102
19139393129993933999999219932911212999399999119
11299229393299999993211012992911999399994993119
92933923949129921299910292991110293293949499911
11999399993112110029921992291191039930393994911
01399292399999391029992399292192299992992129329
29992193932293992199399999399229999931299113999
93392139999392139399139999993923999999221299493
99949999494999294939292213992999493239993922939
99499994999992039929211939931223939994999212921
23993999922291293119920293399999913999493199992
99320139929112999202992299922139929339999399999
29991199301029994921399993939299912992394999212
02992029920293999499999311992299311292939221019
11999129393992922921393921931923999292939291129
93992199399921920201932992993939939212992021992
99391294999921993920399992999493939939930192921
93192949312993999993933921299992999993392192219
99291294911299921399999939229493922939999299939
29392299229229922931139999939999301939212023992
19949993299939399391199399492293911393019399991
13993239999499212110039299920110119949103933921
99339999322933939920292139202910012999129499229
94993994993999999992922992129300192139394931299
39922999999949994993939992994921199393949392999
93229393993399949399994932939499299920299222993
29999293999949999129229399312922139921299999939
12999139999993392002011299993939993399993121219
91299299213999921119393949949393299921129392922
10293299219229939929939992299399123910012920399
01999922911112399212212121193921199911192101931
10212111211999999399999299120210111119129110291
92939299992994939939993293292993920002029292192
92992193992939219929939999920129391019299129299
