10129391029110191001929399201191010000010029111
93993921292291021111119999939120292110192299399
99491219993992199999113921299292999991299922922
23921939949999299993199921199392122111994920229
99311999399931011229212299393939399210139992993
22993993299991002939939123931912999991299992999
93949999949921119992293199992100293992932211112
99993123999929929920129229339210191221399929219
99399399923912203912922939999991193999949939922
39229993939229929229392399212220299932993393999
99939920292199929393299999119992922392399921293
99999200192012929949921399119931129939922119299
99211001299201229393912993003999299213929202021
99110119949939999120219339219939129299929939391
99392923999994922293939994922201029293129993991
99992999399229219999393999399921193199394931220
39393999299129229922291129239399299213999499991
92199399139299999319931129993199112929339949921
20129239293023999923999993139222101112993292229
93929999399399399399399999399999929293999393999
99212299933949392111123994922299329139999949222
29399293399493922922999939939122999293399399299
03932199933932939499393922992191211199922192121
29999292399399993992292293991192920029229111992
99939221939139992992949399320121992001293011999
39212992129399391291299999992992399212999393949
93293949299932120292039999992949939999399939999
99939999393999992949299949991294923999393112999
93921399921399992999229999992129499399949393949
92293932219933921299922222939939922292293949999
39399999923999939229999993923992129992010392393
99931399999394994911292299499931193299201921939
99393921293039339911191199993999399129912912921
29139920199393993229391299993999999112129929992
29299992129992239993993992229949932199394939229
99393139929999993991399993913993399399949999211
29939394939921120122992399929229999939999999992
19229939493101192299322999219119939313939493399
19299319999129299999999949119212939999319939999
11199912999399393139949499212993999313939212939
91193201994993999294999949993939932929992292229
92199911399993993199239499999923992922932999992
99299319992229939211199992213999391392999499931
11029911212912203910194921939931021922949999999
10029912929929929211199210393992192939999999329
92194929929302921199239292993939110293931299939
99299319212912991293993293949929100292992021299
29229939293929992991299999999939102991139391129
29922299299912121110111129939999119492199931922
99399129292119299101910019912939119939292292999
