193992029921939219921291011192299229939399399999
199499399992994921399991299239932999393923939999
194949922931229492999921994999493931292939929222
199399301299922993993921229939999392991294911199
022199939399991299392999929922292292931039311122
199111393949220039111211112399393993999399999999
139111931999392193029911299949999499313939212999
993193991394939239299319923999922999939922012921
239129993999312999229939939993211939993999299310
999229229994991293922999993129991213920293299992
932999129999321110392994999203922999921299999999
291139293939999911993999222939329339999939212992
120199291102122910399993192299993999499219201292
991299391019392212949399399111291299932112929239
122939931113999999499299922110010139999991129993
199912999999993394939122229992002993129992193399
023910393939939949939399993949219229211399229949
199202993912113993393949211994929119993923929992
199119229229399999932992011939922129329929202921
292112111293922399999211192102299993913922010229
992999992930129999949119229219211392939999393999
212922920291193299399229923939912931999994999212
929911210192139299113999999399929492394949921119
923939992139992199229399329399939949999999922939
399992399993292012999393922999992299999493399393
999493993939399111299992992999931194939999939229
113999491129992199239931393999499129922933929921
019999992199992123999999949499999112993999201392
003939999211299999222294993999492292949329211949
019302399921121229399299991223922993999939993993
103929999999993939993039932999319399939493139499
939939329399499993999393299394939229219999394932
399994912029992211922999211299394922102113999999
999329939203992922911939911993299399929129392299
949922293929992399910213921399949299219299210039
299499110129999932212999999999992199102012921192
294999200293939499999999229312220199119111299292
999213912932912993393993019939991292019299393029
392119319499922939930139101399992931119112999129
922912929922299319992293102922921999939111229292
939911201129399911299939929911921393399399911191
999319911294923910039929229211399999949993911192
293929319949929211299921192299999999394992929399
192923939999912199939992111949492239239991202922
122999992113929223911239922993932994999993912939
999939392019939999912999999931299329933999939492
999921199129393993939921294999394912999993399930
992291199299291111999200199922999200111299993991
