99102939112992292001191299999293999929929992921011129101999399293929299999129229129922999999
21019492299949999229292993299139229939913991399399992010399999299939111399393999399999992229
91119993992399994999221999129292102999939312999922121193993299299493011922992394999932992939
92939499393939239922992939119393921139999929229929399239949393129939293921229999992293991299
22999999399329399202921939229939999292299929212922933992399949911229139999939993291139992012
99499999949993939119910399999912939292194939991291399492921292201993299229392299292999329229
22921123993920111029921923992210219229139999930021994921100122911399999201011122292113923992
93910299931211291194992939311993923939299499491291239939212999939999493921119999999219499211
99202993999999992139391294921999499393039999922992999994999932399994921399913939994939993029
22029921994932939999392199993923921029293923929493923949923999999499939999929229939999239399
99399922999491119993949129999229911001292939229999929399939239923932399239922299922949299949
99999399939921112992399229399394929202992393193933929294999393119999949292399939992299392299
22999399929329992139922992293949923929499999292999319399993999129999399222999302949294920299
92939999319999229292102932921999999202949992292999929993992921299999229999993922993199211931
93921394939493019220119999921939339201299922921122912392991211923949911393921999329129292292
99992949494999213992939999492229994929222219929292129993993992219399922922911129939211199129
22992994999993999920293393949999999913999912939399392299949399911121299929929229994992121101
92392299222292293921029930393399393929329201399939930293399112922992194922119999949999993910
99999399399139391399113993949931193939929129922939992949999112999939399999202922299221139921
99994939922199992922299399493991029999229399912992393999222199399929949394910129111291292299
22299923939123993929999299992120129392293993119492939921299139229229392039311299111992921011
99139999399399999219211299499393999111920399213932939912949394929293021299999949392993929211
29399993122993299219201999939949949210102993999399492219499999939129299932999499993949213999
12932299993999299923911994922393994992019493999129993929999949392129299992399999949999399339
91299139999999112999202939499931939229113999399212129219931293193993293129931399999399994999
92199293921393011999129313939491129129299493022999111102392299229229939212292932211122299493
39399391212939291292199999203930199393123999291399393929939999922002923999291299912999139999
93999992999911010191039992129991013999999329221949949212119492399101299939221192229999299993
92111291229201111020294931999320129933922912992999492199102932992029299912999292999993194939
99211193929219999292999493949993993999912911222939920021112999321199399201221191212129299201
94999139929939932011394949499499921299929319999929921193999339999294939129991192929102293110
99939393201299999229999999999992219122103929311213999399923993993199329394992291212119939992
94939999910129949994993229493992912199219313922999922931119392399293999999999922999939312939
39499499911939392229999939931931219229929999399399302992029299949111993939323939229393991219
99949949211392193923999992391399939922211393299113929499293039993110111939999499129122932921
99993393299992039999499392993999994999992949949119312949399293939991110293299999399299499991
92399999999939399939992112999492399939312994999129992999931011939492991199222112993299923992
92993392393923923912121929223932999913939999329299491293992100393921930299999101949993939949
20139931930299329329392912199499999329999922911023921020139912992200293922293012994992993299
91193392992194994999930119394949932999329201100299219292299229999920029939239399999993999399
91129993939299499949392019999994993949929119211932129139939393139991101294993923999399399992
93929229929223999992129129993229399994912129992299993293939999394993920129993929499292039391
99912112112999212292929299329929299939929999229212139932993112999339992929339912922020299292
29929999392393029221219399913922294912129212129929294999399212939993922929999301219293949129
19929932939999299999939922929999999329293029993229399931294999301222939922999929921299493019
29929991101229293129494911929949399992199399999999994993939499921999993292129939392939999119
99922292011921199202999920219392022221113932949932999239229992292299329299119499222922299112
13999229393991113910129493921110299999939993993292299392293392299393922193129933999499393299
19499929939322929920029999392921922213994939999229299921999949994932999229992399922994939993
19932913912999939491199399292393929939999929399922039921399394939499994912393922911229202399
02992219920293999991293139229999929999933939293999293399999299319921299319949921229912019921
01949911292292939931999999922299219499499492110393139931293299929311129939999999999229119311
10393110299930229991211121299299103922994921922999993391299993113999923993293229392299213999
92949392992292994932920192299139129912999922999499239931999999399932999499229921293922999222
92999993920121399999492199999299293229399999922999394991229312999991299939929993999911993299
91129949311999939212999299999211029999129392201922999393923922949492194929329399949202939999
92129999992994929100292199223921103999119292921211239399399499499949239939999293292029939222
29993923931999939100192029399399929999129121999999994999393923992393993994939299220193999299
02921219991393393110039213921192129329293292129949949312921929492991392949939299991192112039
10129939932939999991199999210292193921199939211299393911912929922993920394992299930299219293
92299399399929329220023993193999292992299219992293292921939303929499201939992999993932929139
29939399299213939291299229299211193999921119339939931393999939913993011113922999339393921292
02129939222199992012939112111000129329921929993929499999994993229949299299939399993029993992
29292212999111291129929299921102929929393939931219949949399239999399392023999399999229949339
99122991122011192999319129399929219319229999999922293992139399993023930199323999994999399993
93199492199299392229922012194929102939911229999999222992999939339299991293999321299311199999
99223949129229939929499399139912110393212929499329999991399939999392393992299992199921022932
29999993019929922103994993299219992949999302994913999992992393939992949339299329213999391399
19394999101211299129229229939219930394994910229929493991211931212922999999299922939923932932
11039212112991299292129203923912993999999911939912993993912999991229999499211291399929999499
92292129999492992293999929999301129949229211299311299399929339322992112949921111932129499999
29932999993922993999992103999929103999201299223999129139329999999921011299999911999299949392
11299229930219999322991129212202029499921923999399111299999999923929299399211101931129999291
92199102292929999993993999129939293999991229993029393949399323939911293992011012993922939220
29299129221921221299999992293299393931221999999103999399293999392211993931299299499493939991
29129393992993992129999993939299999493992939992029993012192999112991129399949239994999992111
92102921992239999912993129319239999939922921392193129119122992019992011294994999939939211119
92910201229992399200299103922999932921219992939139112102299320129399293949999399939912029922
91101939912993993110039119393994992292922993929399399929939992992299139993999293999929293999
11112999922939399992299211039939939111993949302993999929911392112922292111949291294922292399
19999499999329299399993992199929921012999499920112999939311999129939992010393111199499999921
13999922999999399392212999112119491299322999391019239494993992293999339392949929129922999910
99393922994999994921929931019103921932993939292129399949949393931933993992993922113911999200
29391299399931139211929992029129912992999319229994933999999139492399321212931999999921993001
03930199399491199392922999299299229991299922922939999921299394949994999939993931212292139219
19991293999921023992991399299139299391029991391119393921139999393999229994999493929399294939
11121992949929299392293932139399399392101392930029122999999999291139202949999999929992039493
91291291299929211299399999999993994999912992392292299931239499211194912999392212229991294999
11991291199219912932921212139993949212219939949993994993993999929129229922292939993992949993
01993921129229929992111939399949499119939319499949999939930213939211294939920299920211999399
02939929922999911399391299939394932113993912993999393229393929993993949399311299921910211021
29939202393921111999992139329239499999991210221949299999229939921299393193999939992201910292
93999119949210292129999994993999921393922992992992299922929999319393129293999913999912922999
12993129999393949119932939932994922991119321220212993910203999913999939129339219993939499211
19339994939999392119491113999999999221103999993929310202939394939239499129993003932999949200
19999949219993193929930299329499922299939393999939911939992299499294992299329119999933999911
12993993103999229313993999923993929993992192992393100299931999939129992999922119499499399229
93932999939394913999399339999921929392931192922999201022992932921013992939999939999999221293
29399392292199929992029999399910119291299291119993929291292992991199210119229999229993992939
