199129999939991129929999939100299999110292999999939291029999991129921929910192001991192929111921029
199399499499992999913933992002921139393991239992392021294994932999392929921199110111191229392999393
123993994993991139229999920019310299999922994992992199949999999949392921399129291019392999920394999
999992999491391193299939920019992999921229939931939399993993949993992992939129392019993999912999921
222393993993992199932212392002220299921993939992939939491291399931392932911299939113939922939399310
999939932999399229999999999129991123992931299991299913992011999999932999911999922299913911999122992
993202399339399939392129312299922999992299123992199219239212993129999931210392299949229911999293939
239939993993993392291119929949929492399221299329222002299999229129213992993931121292299910221139939
993994921932949921922939319992129922994992923929999129931399202193129993939499991192949912993999999
211949302999993921119993939991199939329391229319949293292949929299992239302933991292999939949239922
921993939993921999202993993392039993912292993929499229393999912299311999911999393930213999399393229
392930299992922999922949499999392221219992921119999922999213939939910399311212299992939229399939999
991292299492299239999493993239993999939212929102399991139219393201212933999939939492399119949319329
391199939999299394994991399999999992393119912029939991299922299922999999329392203999992011394912939
992039312222199939939931999499921111949939939299922932993399999499322994939111939999320193949302992
949299999999123929211393999993921012999393399299992999329993923939992999999101399493991029499939320
399229999993299212193999322922999299922199993199992949913993939213931239993129993931291019999394991
993922923999939299299229993939992129229399949222993993119339499399999992239999210399392113939239311
992392939313939299299229499999932929294923999992129949202999994933932921999211001999999999912993939
999992299939999222039999949999399912299929499949129993911293939499491111992011011949399393102992999
993299299493393999293123999949222129949912949992193391129292913932921292110299392299293299229221292
399299294949930299399399999994999399994910299392139921299391129493939939202999999239139922992299110
992193129993991299939993299999939922229910292299993939939931199999494923929993939992193920122939210
292029922392931949329339299999912219939912992992393993939499399399939499219311939931192992299922991
039119999921391299994992293239229912299229210292949993999999993022213921119912993399120139993992211
199129994939920129229931999999399939392293001193999499221212949399999911923939239922292293220399929
139299999399921929212292999323993299921999129239933949393912999949999922999499299319949939992993211
992129999293991219999122999999999299911239393992299994939929393999999999923999393913994912392229992
292912999293993939993299399949311193119999932991022229929929210129313999329394992939499939949939329
121911299229999494999939292393911199102222999391299939922912920029939923999399211294921399499399929
993929139939922949212929212992219399229992393111921393991210291193994929923999229129911949932039229
399921199999202993102922939339922993999239999912912991111992010192139922229999992119302999999399299
994992299221019999939391393999492110399399494929939321001299111129394999993992212939939999999999212
399949993192102932999122930122999102949949949929499999119111199939999999321932929394994994992293929
993399499139922993939299492293921029992294993923923931019211193399312229992999929399499999320112922
999933999293999499922022999949911193930299310299929991119999129993939911291299923999999312993939999
393399932191239999499293931292219222992922921023929992922211012922993211291022299221222911939999939
949939399293999939999139991021929999492921999299911212999910292939239999991199393292991211219493101
993229222129399202221199392292129329991292999299311939222202991399293299221299999921221999923939201
129993999912029219992112039939393939931293992029991399299929932949399212199999212229992139399219929
129491229929113939239929399213991299399999392103921999212913999499993939122399129999499299222119922
993993929311299999294922939299321299299393199939310294920229932939391393199921293993932139999922999
992999939993932993299992129294999932192029239499992129392999992129393999399211992992999999313991299
111993393939992939992139293199393299292003999993949939121129329294999933999292110293922229939310193
101299921202212922920199139139139239139219933993994999399203911199999499229299211029939929999921299
939229219939939392910193192199399999299939999329499949923929211294939993129299999219999939994999939
999939202393992292911299392029993121292299239913994994929939299949912129999229393913992394999329219
212399929931993922929922949129499292930299392129229999312992299993939203949911191229921999394939229
929999929993999229329911999299949211992939992199219999991393992391399939493910021999301393029994999
939399929939992294999911299221299911393912299394929499393939211992949999920110292923929939219999949
992012929912992939949319294991129319999229113999219999299301101931393993100293992129302922922999993
920100219211931103994921299992912913993192029499229399299912912999992399211949999294910391292932239
111912939392999119499492923931210219999220199999993021192119929949499999991393239139201920292999992
192929994992992002999992219999993923949992012294949291291013939993932949932939999392101922992112291
011211299992391100394949939992399399992239119299392012920299999212992994999303939993911999939129392
129992193229992911949999499993949392292992012022291029911994921029993949949929229339300399202293949
999339229912221201299993949399994991291392299299991292112949300294999993394929299993922999129921999
299993911129999939393931399222949393932999921029921992299999921999922299939929399993999931199201212
029991100293939394930399994993992139499993920101111229999933993992219292119939939949992291129229929
112991001992912299992949939399932999999921992910199929493999229493939391119999921399491122922994921
993992111391229921121293129213999922949911992101021112992393019999493931939222392999921999393999991
949999999931992210299299393929499910293911129119292193999939112993992992992299991399211992199312210
399993999391293992922039922923999301292939211129399399339219293920220212932921211999292991199939910
922991111120299391229393929999994939922994992999993999999101299312993929499312921999122991199999911
202930002992999393999993939339949999939499221129392999931001994999239212994999493939299392029492229
939491129921294949932999494992293999499992299119391229992000129992199291399993999912299299219992992
999992999939399393991122999492111999921392949112921913949201012292022111932212994929999299939931921
293111239393939293931292932939912922211922992193921939999939399299399922999929999911399223999992229
199119999392111199999921992913929219991129220039993994922993921294949399999929499212933999993999999
293103933939391121299921992129302002210199391193299939311211921999999212949922949399999993932999499
999939499319931992139493949293939129911293921299139922999912992921399911992292993994922292399939939
299394994939993999993949999121999294939992219922192292139929922912993921991012932949939239999202219
293129939999949393993999393191299129999339939329211199392219319929492992210029999994999999999129911
949929302999493012999939129292011112939993299999929299921929913913931299910299239949339399339292211
399929920223999219922111129239202993929949239939229222201929329929999121102992194999999223992011999
932922992999239911229293993999939999913999993212194999911929999312393291119320039323999999920012949
992992992999399211999139392211299493939993399999299999921922932999939992929992299999949999210299999
210393922999931293999293299910122921993939994999113999993993991211219491219239939493992129392999999
911949229999992999999299932111993920121939499921119312999999931912913921939292102932992119932994993
101399392392221129222022399291399992291399994912912912931139991119319311292291110399939911299399949
119939922931999129299299993011999329993932999229922929392199921112929999393993992932939920292299499
922219929991112193192193939211949929999391299292399329299299229993939323939329321393999393931994922
299929302931119299392192913993999319399111022193999993112199299499993999939922999949939239992299319
194922912999921112949291219339949929299229299299499999929239299949321299993391299993103992399113921
139993939949392921999121922999499939239999111193932212912999299399999239999992122299229493922119492
993229999999293991292191392999992293999339111193999911921949292193299999394939999139999949329912939
399912993949229992010292931993991111139999399129339911992299111129129993029319949293999994993920229
922920111999913999211992992292993929399229999202993210399392129911029949229939993192294999921992992
202992100112219939992221399110139912921002294910299993939922992211199999992392399239129999910391291
929949911129912213939999992101294921111019299310294949219939922999129329922921933993103993202992191
911299329993939999202394921929999999399119299993999992111394939921029911219211399949929949929499391
100199999392992129119999200119211129921019293939229992992999999910192101929299999392102999219999991
